74.214 Assignment 3, November 2004
Question 1: Maze traversal.
(Student number 6796723, Section L02)

1111111111
1000000001
1010101011
1011111001
1001e10011
1101010001
1m01000101
1111111111

1111111111
1000000001
1010101011
1011111001
1001e10011
1101010001
1.01000101
1111111111

1111111111
1000000001
1010101011
1011111001
1001e10011
1101010001
1..1000101
1111111111

1111111111
1000000001
1010101011
1011111001
1001e10011
11.1010001
1..1000101
1111111111

1111111111
1000000001
1010101011
1011111001
10.1e10011
11.1010001
1..1000101
1111111111

1111111111
1000000001
1010101011
1011111001
1..1e10011
11.1010001
1..1000101
1111111111

1111111111
1000000001
1010101011
1.11111001
1..1e10011
11.1010001
1..1000101
1111111111

1111111111
1000000001
1.10101011
1.11111001
1..1e10011
11.1010001
1..1000101
1111111111

1111111111
1.00000001
1.10101011
1.11111001
1..1e10011
11.1010001
1..1000101
1111111111

1111111111
1..0000001
1.10101011
1.11111001
1..1e10011
11.1010001
1..1000101
1111111111

1111111111
1...000001
1.10101011
1.11111001
1..1e10011
11.1010001
1..1000101
1111111111

1111111111
1....00001
1.10101011
1.11111001
1..1e10011
11.1010001
1..1000101
1111111111

1111111111
1.....0001
1.10101011
1.11111001
1..1e10011
11.1010001
1..1000101
1111111111

1111111111
1......001
1.10101011
1.11111001
1..1e10011
11.1010001
1..1000101
1111111111

1111111111
1.......01
1.10101011
1.11111001
1..1e10011
11.1010001
1..1000101
1111111111

1111111111
1........1
1.10101011
1.11111001
1..1e10011
11.1010001
1..1000101
1111111111

1111111111
1........1
1.10101.11
1.11111001
1..1e10011
11.1010001
1..1000101
1111111111

1111111111
1........1
1.10101.11
1.11111.01
1..1e10011
11.1010001
1..1000101
1111111111

1111111111
1........1
1.10101.11
1.11111..1
1..1e10011
11.1010001
1..1000101
1111111111

1111111111
1........1
1.10101.11
1.11111..1
1..1e10.11
11.1010001
1..1000101
1111111111

1111111111
1........1
1.10101.11
1.11111..1
1..1e1..11
11.1010001
1..1000101
1111111111

1111111111
1........1
1.10101.11
1.11111..1
1..1e1..11
11.101.001
1..1000101
1111111111

1111111111
1........1
1.10101.11
1.11111..1
1..1e1..11
11.101..01
1..1000101
1111111111

1111111111
1........1
1.10101.11
1.11111..1
1..1e1..11
11.101...1
1..1000101
1111111111

1111111111
1........1
1.10101.11
1.11111..1
1..1e1..11
11.101...1
1..10001.1
1111111111

1111111111
1........1
1.10101.11
1.11111..1
1..1e1..11
11.101...1
1..100.1.1
1111111111

1111111111
1........1
1.10101.11
1.11111..1
1..1e1..11
11.101...1
1..10..1.1
1111111111

1111111111
1........1
1.10101.11
1.11111..1
1..1e1..11
11.101...1
1..1...1.1
1111111111

1111111111
1........1
1.10101.11
1.11111..1
1..1e1..11
11.1.1...1
1..1...1.1
1111111111

Mouse has successfully reached the end of the maze!  And has died a terrible death.

Tool completed successfully
