74.214 Assignment 3, November 2004
Question 1: Maze traversal.
(Student number 6796723, Section L02)

11111111
101011e1
10000111
10100111
10010001
11010101
1m010001
11111111

11111111
101011e1
10000111
10100111
10010001
11010101
1.010001
11111111

11111111
101011e1
10000111
10100111
10010001
11010101
1..10001
11111111

11111111
101011e1
10000111
10100111
10010001
11.10101
1..10001
11111111

11111111
101011e1
10000111
10100111
10.10001
11.10101
1..10001
11111111

11111111
101011e1
10000111
10100111
1..10001
11.10101
1..10001
11111111

11111111
101011e1
10000111
1.100111
1..10001
11.10101
1..10001
11111111

11111111
101011e1
1.000111
1.100111
1..10001
11.10101
1..10001
11111111

11111111
101011e1
1..00111
1.100111
1..10001
11.10101
1..10001
11111111

11111111
101011e1
1...0111
1.100111
1..10001
11.10101
1..10001
11111111

11111111
101011e1
1....111
1.100111
1..10001
11.10101
1..10001
11111111

11111111
101011e1
1....111
1.10.111
1..10001
11.10101
1..10001
11111111

11111111
101011e1
1....111
1.1..111
1..10001
11.10101
1..10001
11111111

11111111
101011e1
1....111
1.1..111
1..1.001
11.10101
1..10001
11111111

11111111
101011e1
1....111
1.1..111
1..1..01
11.10101
1..10001
11111111

11111111
101011e1
1....111
1.1..111
1..1...1
11.10101
1..10001
11111111

11111111
101011e1
1....111
1.1..111
1..1...1
11.101.1
1..10001
11111111

11111111
101011e1
1....111
1.1..111
1..1...1
11.101.1
1..100.1
11111111

11111111
101011e1
1....111
1.1..111
1..1...1
11.101.1
1..10..1
11111111

11111111
101011e1
1....111
1.1..111
1..1...1
11.101.1
1..1...1
11111111

11111111
101011e1
1....111
1.1..111
1..1...1
11.1.1.1
1..1...1
11111111

11111111
101011e1
1....111
1.1..111
1..1...1
11.1.1.1
1..1...1
11111111

11111111
101011e1
1....111
1.1..111
1..1...1
11.1.1.1
1..1...1
11111111

11111111
101.11e1
1....111
1.1..111
1..1...1
11.1.1.1
1..1...1
11111111

11111111
1.1.11e1
1....111
1.1..111
1..1...1
11.1.1.1
1..1...1
11111111

Unable to find the exit.  Mouse has died a terrible death.

Tool completed successfully
